<?xml version="1.0" encoding="UTF-8"?>
<testng-results ignored="0" total="1" passed="0" failed="1" skipped="0">
  <reporter-output>
  </reporter-output>
  <suite started-at="2025-05-20T21:22:36 IST" name="Default suite" finished-at="2025-05-20T21:22:49 IST" duration-ms="13049">
    <groups>
    </groups>
    <test started-at="2025-05-20T21:22:36 IST" name="Default test" finished-at="2025-05-20T21:22:49 IST" duration-ms="13049">
      <class name="com.zoho.testscripts.SolutionTestScripts">
        <test-method is-config="true" signature="openBrowser()[pri:0, instance:com.zoho.testscripts.SolutionTestScripts@1e800aaa]" started-at="2025-05-20T21:22:36 IST" name="openBrowser" finished-at="2025-05-20T21:22:43 IST" duration-ms="7066" status="PASS">
          <reporter-output>
          </reporter-output>
        </test-method> <!-- openBrowser -->
        <test-method is-config="true" signature="login()[pri:0, instance:com.zoho.testscripts.SolutionTestScripts@1e800aaa]" started-at="2025-05-20T21:22:43 IST" name="login" finished-at="2025-05-20T21:22:46 IST" duration-ms="2369" status="PASS">
          <reporter-output>
          </reporter-output>
        </test-method> <!-- login -->
        <test-method signature="addSolution()[pri:0, instance:com.zoho.testscripts.SolutionTestScripts@1e800aaa]" started-at="2025-05-20T21:22:46 IST" name="addSolution" finished-at="2025-05-20T21:22:47 IST" duration-ms="1629" status="FAIL">
          <exception class="java.lang.NullPointerException">
            <message>
              <![CDATA[Cannot invoke "org.apache.poi.ss.usermodel.Cell.getStringCellValue()" because the return value of "org.apache.poi.ss.usermodel.Row.getCell(int)" is null]]>
            </message>
            <full-stacktrace>
              <![CDATA[java.lang.NullPointerException: Cannot invoke "org.apache.poi.ss.usermodel.Cell.getStringCellValue()" because the return value of "org.apache.poi.ss.usermodel.Row.getCell(int)" is null
at com.zoho.generic.FileLib.getExcelData(FileLib.java:24)
at com.zoho.testscripts.SolutionTestScripts.addSolution(SolutionTestScripts.java:19)
at java.base/jdk.internal.reflect.DirectMethodHandleAccessor.invoke(DirectMethodHandleAccessor.java:103)
at java.base/java.lang.reflect.Method.invoke(Method.java:580)
at org.testng.internal.invokers.MethodInvocationHelper.invokeMethod(MethodInvocationHelper.java:141)
at org.testng.internal.invokers.TestInvoker.invokeMethod(TestInvoker.java:687)
at org.testng.internal.invokers.TestInvoker.invokeTestMethod(TestInvoker.java:230)
at org.testng.internal.invokers.MethodRunner.runInSequence(MethodRunner.java:63)
at org.testng.internal.invokers.TestInvoker$MethodInvocationAgent.invoke(TestInvoker.java:995)
at org.testng.internal.invokers.TestInvoker.invokeTestMethods(TestInvoker.java:203)
at org.testng.internal.invokers.TestMethodWorker.invokeTestMethods(TestMethodWorker.java:154)
at org.testng.internal.invokers.TestMethodWorker.run(TestMethodWorker.java:134)
at java.base/java.util.ArrayList.forEach(ArrayList.java:1596)
at org.testng.TestRunner.privateRun(TestRunner.java:741)
at org.testng.TestRunner.run(TestRunner.java:616)
at org.testng.SuiteRunner.runTest(SuiteRunner.java:421)
at org.testng.SuiteRunner.runSequentially(SuiteRunner.java:413)
at org.testng.SuiteRunner.privateRun(SuiteRunner.java:373)
at org.testng.SuiteRunner.run(SuiteRunner.java:312)
at org.testng.SuiteRunnerWorker.runSuite(SuiteRunnerWorker.java:52)
at org.testng.SuiteRunnerWorker.run(SuiteRunnerWorker.java:95)
at org.testng.TestNG.runSuitesSequentially(TestNG.java:1274)
at org.testng.TestNG.runSuitesLocally(TestNG.java:1208)
at org.testng.TestNG.runSuites(TestNG.java:1112)
at org.testng.TestNG.run(TestNG.java:1079)
at org.testng.remote.AbstractRemoteTestNG.run(AbstractRemoteTestNG.java:115)
at org.testng.remote.RemoteTestNG.initAndRun(RemoteTestNG.java:293)
at org.testng.remote.RemoteTestNG.main(RemoteTestNG.java:91)
]]>
            </full-stacktrace>
          </exception> <!-- java.lang.NullPointerException -->
          <reporter-output>
          </reporter-output>
        </test-method> <!-- addSolution -->
        <test-method is-config="true" signature="logout()[pri:0, instance:com.zoho.testscripts.SolutionTestScripts@1e800aaa]" started-at="2025-05-20T21:22:47 IST" name="logout" finished-at="2025-05-20T21:22:48 IST" duration-ms="252" status="PASS">
          <reporter-output>
          </reporter-output>
        </test-method> <!-- logout -->
        <test-method is-config="true" signature="closeBrowser()[pri:0, instance:com.zoho.testscripts.SolutionTestScripts@1e800aaa]" started-at="2025-05-20T21:22:48 IST" name="closeBrowser" finished-at="2025-05-20T21:22:49 IST" duration-ms="1501" status="PASS">
          <reporter-output>
          </reporter-output>
        </test-method> <!-- closeBrowser -->
      </class> <!-- com.zoho.testscripts.SolutionTestScripts -->
    </test> <!-- Default test -->
  </suite> <!-- Default suite -->
</testng-results>
